
**** Build of configuration Debug for project msp430fr231x_eusci_spi_standard_master.c ****

"C:\\ti\\ccs1011\\ccs\\utils\\bin\\gmake" -k -j 8 all -O 
 
Building file: "../msp430fr231x_eusci_spi_standard_master.c"
Invoking: MSP430 Compiler
"C:/ti/ccs1011/ccs/tools/compiler/ti-cgt-msp430_20.2.1.LTS/bin/cl430" -vmspx --use_hw_mpy=none --include_path="C:/ti/ccs1011/ccs/ccs_base/msp430/include" --include_path="C:/Users/Asus/workspace_v10/msp430fr231x_eusci_spi_standard_master.c" --include_path="C:/ti/ccs1011/ccs/tools/compiler/ti-cgt-msp430_20.2.1.LTS/include" --advice:power=all --advice:hw_config=all --define=__MSP430FR2311__ -g --printf_support=minimal --diag_warning=225 --diag_wrap=off --display_error_number --silicon_errata=CPU21 --silicon_errata=CPU22 --silicon_errata=CPU40 --preproc_with_compile --preproc_dependency="msp430fr231x_eusci_spi_standard_master.d_raw"  "../msp430fr231x_eusci_spi_standard_master.c"
"../msp430fr231x_eusci_spi_standard_master.c", line 167: remark #1528-D: (ULP 3.1) Detected flag polling using UCB0IFG. Recommend using an interrupt combined with enter LPMx and ISR
"../msp430fr231x_eusci_spi_standard_master.c", line 174: remark #1544-D: (ULP 13.1) Detected loop counting up. Recommend loops count down as detecting zeros is easier
"../msp430fr231x_eusci_spi_standard_master.c", line 289: remark #1527-D: (ULP 2.1) Detected SW delay loop using empty loop. Recommend using a timer module instead
"../msp430fr231x_eusci_spi_standard_master.c", line 307: remark #1527-D: (ULP 2.1) Detected SW delay loop using __delay_cycles. Recommend using a timer module instead
"../msp430fr231x_eusci_spi_standard_master.c", line 309: remark #1527-D: (ULP 2.1) Detected SW delay loop using __delay_cycles. Recommend using a timer module instead
"../msp430fr231x_eusci_spi_standard_master.c", line 359: remark #1527-D: (ULP 2.1) Detected SW delay loop using __delay_cycles. Recommend using a timer module instead
"../msp430fr231x_eusci_spi_standard_master.c", line 360: remark #1538-D: (ULP 10.1) ISR USCI_B0_ISR calls function SendUCB0Data. Recommend moving function call away from ISR, or inlining the function, or using pragmas
"../msp430fr231x_eusci_spi_standard_master.c", line 366: remark #1538-D: (ULP 10.1) ISR USCI_B0_ISR calls function SendUCB0Data. Recommend moving function call away from ISR, or inlining the function, or using pragmas
"../msp430fr231x_eusci_spi_standard_master.c", line 374: remark #1538-D: (ULP 10.1) ISR USCI_B0_ISR calls function SendUCB0Data. Recommend moving function call away from ISR, or inlining the function, or using pragmas
"../msp430fr231x_eusci_spi_standard_master.c", line 399: remark #1538-D: (ULP 10.1) ISR USCI_B0_ISR calls function SendUCB0Data. Recommend moving function call away from ISR, or inlining the function, or using pragmas
"../msp430fr231x_eusci_spi_standard_master.c", line 407: remark #1527-D: (ULP 2.1) Detected SW delay loop using __delay_cycles. Recommend using a timer module instead
Finished building: "../msp430fr231x_eusci_spi_standard_master.c"
 
Building target: "msp430fr231x_eusci_spi_standard_master.c.out"
Invoking: MSP430 Linker
"C:/ti/ccs1011/ccs/tools/compiler/ti-cgt-msp430_20.2.1.LTS/bin/cl430" -vmspx --use_hw_mpy=none --advice:power=all --advice:hw_config=all --define=__MSP430FR2311__ -g --printf_support=minimal --diag_warning=225 --diag_wrap=off --display_error_number --silicon_errata=CPU21 --silicon_errata=CPU22 --silicon_errata=CPU40 -z -m"msp430fr231x_eusci_spi_standard_master.c.map" --heap_size=160 --stack_size=160 --cinit_hold_wdt=on -i"C:/ti/ccs1011/ccs/ccs_base/msp430/include" -i"C:/ti/ccs1011/ccs/tools/compiler/ti-cgt-msp430_20.2.1.LTS/lib" -i"C:/ti/ccs1011/ccs/tools/compiler/ti-cgt-msp430_20.2.1.LTS/include" --reread_libs --diag_wrap=off --display_error_number --warn_sections --xml_link_info="msp430fr231x_eusci_spi_standard_master.c_linkInfo.xml" --use_hw_mpy=none --rom_model -o "msp430fr231x_eusci_spi_standard_master.c.out" "./msp430fr231x_eusci_spi_standard_master.obj" "../lnk_msp430fr2311.cmd"  -llibc.a 
<Linking>
remark #10372-D: (ULP 4.1) Detected uninitialized Port A in this project. Recommend initializing all unused ports to eliminate wasted current consumption on unused pins.
Finished building target: "msp430fr231x_eusci_spi_standard_master.c.out"
 

**** Build Finished ****
